   1              		.cpu arm926ej-s
   2              		.fpu softvfp
   3              		.eabi_attribute 20, 1
   4              		.eabi_attribute 21, 1
   5              		.eabi_attribute 23, 3
   6              		.eabi_attribute 24, 1
   7              		.eabi_attribute 25, 1
   8              		.eabi_attribute 26, 1
   9              		.eabi_attribute 30, 2
  10              		.eabi_attribute 34, 0
  11              		.eabi_attribute 18, 4
  12              		.file	"cyfxuvcdscr.c"
  13              		.text
  14              	.Ltext0:
  15              		.cfi_sections	.debug_frame
  16              		.global	CyFxUSBProductDscr
  17              		.global	CyFxUSBManufactureDscr
  18              		.global	CyFxUSBStringLangIDDscr
  19              		.global	CyFxUSBSSConfigDscr
  20              		.global	CyFxUSBBOSDscr
  21              		.global	CyFxUSBHSConfigDscr
  22              		.global	CyFxUSBFSConfigDscr
  23              		.global	CyFxUSBDeviceQualDscr
  24              		.global	CyFxUSBDeviceDscrSS
  25              		.global	CyFxUSBDeviceDscr
  26              		.section	.rodata
  27              		.align	2
  30              	CyFxUSBProductDscr:
  31 0000 30       		.byte	48
  32 0001 03       		.byte	3
  33 0002 56       		.byte	86
  34 0003 00       		.byte	0
  35 0004 69       		.byte	105
  36 0005 00       		.byte	0
  37 0006 64       		.byte	100
  38 0007 00       		.byte	0
  39 0008 65       		.byte	101
  40 0009 00       		.byte	0
  41 000a 6F       		.byte	111
  42 000b 00       		.byte	0
  43 000c 6C       		.byte	108
  44 000d 00       		.byte	0
  45 000e 6F       		.byte	111
  46 000f 00       		.byte	0
  47 0010 67       		.byte	103
  48 0011 00       		.byte	0
  49 0012 79       		.byte	121
  50 0013 00       		.byte	0
  51 0014 20       		.byte	32
  52 0015 00       		.byte	0
  53 0016 55       		.byte	85
  54 0017 00       		.byte	0
  55 0018 53       		.byte	83
  56 0019 00       		.byte	0
  57 001a 42       		.byte	66
  58 001b 00       		.byte	0
  59 001c 20       		.byte	32
  60 001d 00       		.byte	0
  61 001e 33       		.byte	51
  62 001f 00       		.byte	0
  63 0020 2E       		.byte	46
  64 0021 00       		.byte	0
  65 0022 30       		.byte	48
  66 0023 00       		.byte	0
  67 0024 20       		.byte	32
  68 0025 00       		.byte	0
  69 0026 48       		.byte	72
  70 0027 00       		.byte	0
  71 0028 44       		.byte	68
  72 0029 00       		.byte	0
  73 002a 43       		.byte	67
  74 002b 00       		.byte	0
  75 002c 61       		.byte	97
  76 002d 00       		.byte	0
  77 002e 6D       		.byte	109
  78 002f 00       		.byte	0
  81              	CyFxUSBManufactureDscr:
  82 0030 38       		.byte	56
  83 0031 03       		.byte	3
  84 0032 56       		.byte	86
  85 0033 00       		.byte	0
  86 0034 69       		.byte	105
  87 0035 00       		.byte	0
  88 0036 64       		.byte	100
  89 0037 00       		.byte	0
  90 0038 65       		.byte	101
  91 0039 00       		.byte	0
  92 003a 6F       		.byte	111
  93 003b 00       		.byte	0
  94 003c 6C       		.byte	108
  95 003d 00       		.byte	0
  96 003e 6F       		.byte	111
  97 003f 00       		.byte	0
  98 0040 67       		.byte	103
  99 0041 00       		.byte	0
 100 0042 79       		.byte	121
 101 0043 00       		.byte	0
 102 0044 20       		.byte	32
 103 0045 00       		.byte	0
 104 0046 49       		.byte	73
 105 0047 00       		.byte	0
 106 0048 6D       		.byte	109
 107 0049 00       		.byte	0
 108 004a 61       		.byte	97
 109 004b 00       		.byte	0
 110 004c 67       		.byte	103
 111 004d 00       		.byte	0
 112 004e 69       		.byte	105
 113 004f 00       		.byte	0
 114 0050 6E       		.byte	110
 115 0051 00       		.byte	0
 116 0052 67       		.byte	103
 117 0053 00       		.byte	0
 118 0054 20       		.byte	32
 119 0055 00       		.byte	0
 120 0056 53       		.byte	83
 121 0057 00       		.byte	0
 122 0058 6F       		.byte	111
 123 0059 00       		.byte	0
 124 005a 6C       		.byte	108
 125 005b 00       		.byte	0
 126 005c 75       		.byte	117
 127 005d 00       		.byte	0
 128 005e 74       		.byte	116
 129 005f 00       		.byte	0
 130 0060 69       		.byte	105
 131 0061 00       		.byte	0
 132 0062 6F       		.byte	111
 133 0063 00       		.byte	0
 134 0064 6E       		.byte	110
 135 0065 00       		.byte	0
 136 0066 73       		.byte	115
 137 0067 00       		.byte	0
 140              	CyFxUSBStringLangIDDscr:
 141 0068 04       		.byte	4
 142 0069 03       		.byte	3
 143 006a 09       		.byte	9
 144 006b 04       		.byte	4
 147              	CyFxUSBSSConfigDscr:
 148 006c 09       		.byte	9
 149 006d 02       		.byte	2
 150 006e 72       		.byte	114
 151 006f 01       		.byte	1
 152 0070 03       		.byte	3
 153 0071 01       		.byte	1
 154 0072 00       		.byte	0
 155 0073 80       		.byte	-128
 156 0074 64       		.byte	100
 157 0075 08       		.byte	8
 158 0076 0B       		.byte	11
 159 0077 00       		.byte	0
 160 0078 02       		.byte	2
 161 0079 0E       		.byte	14
 162 007a 03       		.byte	3
 163 007b 00       		.byte	0
 164 007c 00       		.byte	0
 165 007d 09       		.byte	9
 166 007e 04       		.byte	4
 167 007f 00       		.byte	0
 168 0080 00       		.byte	0
 169 0081 01       		.byte	1
 170 0082 0E       		.byte	14
 171 0083 01       		.byte	1
 172 0084 00       		.byte	0
 173 0085 00       		.byte	0
 174 0086 0D       		.byte	13
 175 0087 24       		.byte	36
 176 0088 01       		.byte	1
 177 0089 00       		.byte	0
 178 008a 01       		.byte	1
 179 008b 50       		.byte	80
 180 008c 00       		.byte	0
 181 008d 00       		.byte	0
 182 008e D8       		.byte	-40
 183 008f B8       		.byte	-72
 184 0090 05       		.byte	5
 185 0091 01       		.byte	1
 186 0092 01       		.byte	1
 187 0093 12       		.byte	18
 188 0094 24       		.byte	36
 189 0095 02       		.byte	2
 190 0096 01       		.byte	1
 191 0097 01       		.byte	1
 192 0098 02       		.byte	2
 193 0099 00       		.byte	0
 194 009a 00       		.byte	0
 195 009b 00       		.byte	0
 196 009c 00       		.byte	0
 197 009d 00       		.byte	0
 198 009e 00       		.byte	0
 199 009f 00       		.byte	0
 200 00a0 00       		.byte	0
 201 00a1 03       		.byte	3
 202 00a2 00       		.byte	0
 203 00a3 00       		.byte	0
 204 00a4 00       		.byte	0
 205 00a5 0C       		.byte	12
 206 00a6 24       		.byte	36
 207 00a7 05       		.byte	5
 208 00a8 02       		.byte	2
 209 00a9 01       		.byte	1
 210 00aa 58       		.byte	88
 211 00ab 02       		.byte	2
 212 00ac 03       		.byte	3
 213 00ad 13       		.byte	19
 214 00ae 05       		.byte	5
 215 00af 00       		.byte	0
 216 00b0 00       		.byte	0
 217 00b1 1C       		.byte	28
 218 00b2 24       		.byte	36
 219 00b3 06       		.byte	6
 220 00b4 03       		.byte	3
 221 00b5 7A       		.byte	122
 222 00b6 CA       		.byte	-54
 223 00b7 57       		.byte	87
 224 00b8 37       		.byte	55
 225 00b9 A3       		.byte	-93
 226 00ba 1A       		.byte	26
 227 00bb 5B       		.byte	91
 228 00bc 49       		.byte	73
 229 00bd 96       		.byte	-106
 230 00be 8D       		.byte	-115
 231 00bf 8E       		.byte	-114
 232 00c0 36       		.byte	54
 233 00c1 1F       		.byte	31
 234 00c2 96       		.byte	-106
 235 00c3 76       		.byte	118
 236 00c4 50       		.byte	80
 237 00c5 0B       		.byte	11
 238 00c6 01       		.byte	1
 239 00c7 02       		.byte	2
 240 00c8 03       		.byte	3
 241 00c9 FD       		.byte	-3
 242 00ca 9F       		.byte	-97
 243 00cb 07       		.byte	7
 244 00cc 00       		.byte	0
 245 00cd 09       		.byte	9
 246 00ce 24       		.byte	36
 247 00cf 03       		.byte	3
 248 00d0 04       		.byte	4
 249 00d1 01       		.byte	1
 250 00d2 01       		.byte	1
 251 00d3 00       		.byte	0
 252 00d4 03       		.byte	3
 253 00d5 00       		.byte	0
 254 00d6 07       		.byte	7
 255 00d7 05       		.byte	5
 256 00d8 82       		.byte	-126
 257 00d9 03       		.byte	3
 258 00da 00       		.byte	0
 259 00db 04       		.byte	4
 260 00dc 01       		.byte	1
 261 00dd 06       		.byte	6
 262 00de 30       		.byte	48
 263 00df 00       		.byte	0
 264 00e0 00       		.byte	0
 265 00e1 00       		.byte	0
 266 00e2 04       		.byte	4
 267 00e3 05       		.byte	5
 268 00e4 25       		.byte	37
 269 00e5 03       		.byte	3
 270 00e6 40       		.byte	64
 271 00e7 00       		.byte	0
 272 00e8 09       		.byte	9
 273 00e9 04       		.byte	4
 274 00ea 01       		.byte	1
 275 00eb 00       		.byte	0
 276 00ec 01       		.byte	1
 277 00ed 0E       		.byte	14
 278 00ee 02       		.byte	2
 279 00ef 00       		.byte	0
 280 00f0 00       		.byte	0
 281 00f1 0E       		.byte	14
 282 00f2 24       		.byte	36
 283 00f3 01       		.byte	1
 284 00f4 01       		.byte	1
 285 00f5 BD       		.byte	-67
 286 00f6 00       		.byte	0
 287 00f7 83       		.byte	-125
 288 00f8 00       		.byte	0
 289 00f9 04       		.byte	4
 290 00fa 02       		.byte	2
 291 00fb 01       		.byte	1
 292 00fc 01       		.byte	1
 293 00fd 01       		.byte	1
 294 00fe 00       		.byte	0
 295 00ff 1B       		.byte	27
 296 0100 24       		.byte	36
 297 0101 04       		.byte	4
 298 0102 01       		.byte	1
 299 0103 04       		.byte	4
 300 0104 59       		.byte	89
 301 0105 55       		.byte	85
 302 0106 59       		.byte	89
 303 0107 32       		.byte	50
 304 0108 00       		.byte	0
 305 0109 00       		.byte	0
 306 010a 10       		.byte	16
 307 010b 00       		.byte	0
 308 010c 80       		.byte	-128
 309 010d 00       		.byte	0
 310 010e 00       		.byte	0
 311 010f AA       		.byte	-86
 312 0110 00       		.byte	0
 313 0111 38       		.byte	56
 314 0112 9B       		.byte	-101
 315 0113 71       		.byte	113
 316 0114 10       		.byte	16
 317 0115 01       		.byte	1
 318 0116 10       		.byte	16
 319 0117 09       		.byte	9
 320 0118 00       		.byte	0
 321 0119 00       		.byte	0
 322 011a 1E       		.byte	30
 323 011b 24       		.byte	36
 324 011c 05       		.byte	5
 325 011d 01       		.byte	1
 326 011e 02       		.byte	2
 327 011f 20       		.byte	32
 328 0120 0A       		.byte	10
 329 0121 98       		.byte	-104
 330 0122 07       		.byte	7
 331 0123 00       		.byte	0
 332 0124 D0       		.byte	-48
 333 0125 14       		.byte	20
 334 0126 48       		.byte	72
 335 0127 00       		.byte	0
 336 0128 38       		.byte	56
 337 0129 1F       		.byte	31
 338 012a 6C       		.byte	108
 339 012b 00       		.byte	0
 340 012c C6       		.byte	-58
 341 012d 99       		.byte	-103
 342 012e 00       		.byte	0
 343 012f 2A       		.byte	42
 344 0130 2C       		.byte	44
 345 0131 0A       		.byte	10
 346 0132 00       		.byte	0
 347 0133 01       		.byte	1
 348 0134 2A       		.byte	42
 349 0135 2C       		.byte	44
 350 0136 0A       		.byte	10
 351 0137 00       		.byte	0
 352 0138 1E       		.byte	30
 353 0139 24       		.byte	36
 354 013a 05       		.byte	5
 355 013b 02       		.byte	2
 356 013c 02       		.byte	2
 357 013d 80       		.byte	-128
 358 013e 07       		.byte	7
 359 013f 38       		.byte	56
 360 0140 04       		.byte	4
 361 0141 00       		.byte	0
 362 0142 80       		.byte	-128
 363 0143 53       		.byte	83
 364 0144 3B       		.byte	59
 365 0145 00       		.byte	0
 366 0146 80       		.byte	-128
 367 0147 53       		.byte	83
 368 0148 3B       		.byte	59
 369 0149 00       		.byte	0
 370 014a A4       		.byte	-92
 371 014b 1F       		.byte	31
 372 014c 00       		.byte	0
 373 014d 15       		.byte	21
 374 014e 16       		.byte	22
 375 014f 05       		.byte	5
 376 0150 00       		.byte	0
 377 0151 01       		.byte	1
 378 0152 15       		.byte	21
 379 0153 16       		.byte	22
 380 0154 05       		.byte	5
 381 0155 00       		.byte	0
 382 0156 1E       		.byte	30
 383 0157 24       		.byte	36
 384 0158 05       		.byte	5
 385 0159 03       		.byte	3
 386 015a 02       		.byte	2
 387 015b 00       		.byte	0
 388 015c 05       		.byte	5
 389 015d D0       		.byte	-48
 390 015e 02       		.byte	2
 391 015f 00       		.byte	0
 392 0160 00       		.byte	0
 393 0161 BC       		.byte	-68
 394 0162 34       		.byte	52
 395 0163 00       		.byte	0
 396 0164 00       		.byte	0
 397 0165 BC       		.byte	-68
 398 0166 34       		.byte	52
 399 0167 00       		.byte	0
 400 0168 C6       		.byte	-58
 401 0169 99       		.byte	-103
 402 016a 00       		.byte	0
 403 016b 0A       		.byte	10
 404 016c 8B       		.byte	-117
 405 016d 02       		.byte	2
 406 016e 00       		.byte	0
 407 016f 01       		.byte	1
 408 0170 0A       		.byte	10
 409 0171 8B       		.byte	-117
 410 0172 02       		.byte	2
 411 0173 00       		.byte	0
 412 0174 1E       		.byte	30
 413 0175 24       		.byte	36
 414 0176 05       		.byte	5
 415 0177 04       		.byte	4
 416 0178 02       		.byte	2
 417 0179 80       		.byte	-128
 418 017a 02       		.byte	2
 419 017b E0       		.byte	-32
 420 017c 01       		.byte	1
 421 017d 00       		.byte	0
 422 017e 00       		.byte	0
 423 017f 28       		.byte	40
 424 0180 23       		.byte	35
 425 0181 00       		.byte	0
 426 0182 00       		.byte	0
 427 0183 28       		.byte	40
 428 0184 23       		.byte	35
 429 0185 00       		.byte	0
 430 0186 C6       		.byte	-58
 431 0187 99       		.byte	-103
 432 0188 00       		.byte	0
 433 0189 85       		.byte	-123
 434 018a 45       		.byte	69
 435 018b 01       		.byte	1
 436 018c 00       		.byte	0
 437 018d 01       		.byte	1
 438 018e 85       		.byte	-123
 439 018f 45       		.byte	69
 440 0190 01       		.byte	1
 441 0191 00       		.byte	0
 442 0192 16       		.byte	22
 443 0193 24       		.byte	36
 444 0194 03       		.byte	3
 445 0195 00       		.byte	0
 446 0196 04       		.byte	4
 447 0197 80       		.byte	-128
 448 0198 02       		.byte	2
 449 0199 E0       		.byte	-32
 450 019a 01       		.byte	1
 451 019b 00       		.byte	0
 452 019c 05       		.byte	5
 453 019d D0       		.byte	-48
 454 019e 02       		.byte	2
 455 019f 80       		.byte	-128
 456 01a0 07       		.byte	7
 457 01a1 38       		.byte	56
 458 01a2 04       		.byte	4
 459 01a3 20       		.byte	32
 460 01a4 0A       		.byte	10
 461 01a5 98       		.byte	-104
 462 01a6 07       		.byte	7
 463 01a7 00       		.byte	0
 464 01a8 06       		.byte	6
 465 01a9 24       		.byte	36
 466 01aa 0D       		.byte	13
 467 01ab 00       		.byte	0
 468 01ac 00       		.byte	0
 469 01ad 00       		.byte	0
 470 01ae 07       		.byte	7
 471 01af 05       		.byte	5
 472 01b0 83       		.byte	-125
 473 01b1 02       		.byte	2
 474 01b2 00       		.byte	0
 475 01b3 04       		.byte	4
 476 01b4 01       		.byte	1
 477 01b5 06       		.byte	6
 478 01b6 30       		.byte	48
 479 01b7 0F       		.byte	15
 480 01b8 00       		.byte	0
 481 01b9 00       		.byte	0
 482 01ba 00       		.byte	0
 483 01bb 09       		.byte	9
 484 01bc 04       		.byte	4
 485 01bd 02       		.byte	2
 486 01be 00       		.byte	0
 487 01bf 02       		.byte	2
 488 01c0 FF       		.byte	-1
 489 01c1 00       		.byte	0
 490 01c2 00       		.byte	0
 491 01c3 00       		.byte	0
 492 01c4 07       		.byte	7
 493 01c5 05       		.byte	5
 494 01c6 04       		.byte	4
 495 01c7 02       		.byte	2
 496 01c8 00       		.byte	0
 497 01c9 04       		.byte	4
 498 01ca 00       		.byte	0
 499 01cb 06       		.byte	6
 500 01cc 30       		.byte	48
 501 01cd 00       		.byte	0
 502 01ce 00       		.byte	0
 503 01cf 00       		.byte	0
 504 01d0 00       		.byte	0
 505 01d1 07       		.byte	7
 506 01d2 05       		.byte	5
 507 01d3 84       		.byte	-124
 508 01d4 02       		.byte	2
 509 01d5 00       		.byte	0
 510 01d6 04       		.byte	4
 511 01d7 00       		.byte	0
 512 01d8 06       		.byte	6
 513 01d9 30       		.byte	48
 514 01da 00       		.byte	0
 515 01db 00       		.byte	0
 516 01dc 00       		.byte	0
 517 01dd 00       		.byte	0
 518 01de 0000     		.space	2
 521              	CyFxUSBBOSDscr:
 522 01e0 05       		.byte	5
 523 01e1 0F       		.byte	15
 524 01e2 16       		.byte	22
 525 01e3 00       		.byte	0
 526 01e4 02       		.byte	2
 527 01e5 07       		.byte	7
 528 01e6 10       		.byte	16
 529 01e7 02       		.byte	2
 530 01e8 00       		.byte	0
 531 01e9 00       		.byte	0
 532 01ea 00       		.byte	0
 533 01eb 00       		.byte	0
 534 01ec 0A       		.byte	10
 535 01ed 10       		.byte	16
 536 01ee 03       		.byte	3
 537 01ef 00       		.byte	0
 538 01f0 0E       		.byte	14
 539 01f1 00       		.byte	0
 540 01f2 03       		.byte	3
 541 01f3 00       		.byte	0
 542 01f4 00       		.byte	0
 543 01f5 00       		.byte	0
 544 01f6 0000     		.space	2
 547              	CyFxUSBHSConfigDscr:
 548 01f8 09       		.byte	9
 549 01f9 02       		.byte	2
 550 01fa F4       		.byte	-12
 551 01fb 00       		.byte	0
 552 01fc 03       		.byte	3
 553 01fd 01       		.byte	1
 554 01fe 00       		.byte	0
 555 01ff 80       		.byte	-128
 556 0200 FA       		.byte	-6
 557 0201 08       		.byte	8
 558 0202 0B       		.byte	11
 559 0203 00       		.byte	0
 560 0204 02       		.byte	2
 561 0205 0E       		.byte	14
 562 0206 03       		.byte	3
 563 0207 00       		.byte	0
 564 0208 00       		.byte	0
 565 0209 09       		.byte	9
 566 020a 04       		.byte	4
 567 020b 00       		.byte	0
 568 020c 00       		.byte	0
 569 020d 01       		.byte	1
 570 020e 0E       		.byte	14
 571 020f 01       		.byte	1
 572 0210 00       		.byte	0
 573 0211 00       		.byte	0
 574 0212 0D       		.byte	13
 575 0213 24       		.byte	36
 576 0214 01       		.byte	1
 577 0215 00       		.byte	0
 578 0216 01       		.byte	1
 579 0217 50       		.byte	80
 580 0218 00       		.byte	0
 581 0219 10       		.byte	16
 582 021a F7       		.byte	-9
 583 021b 6C       		.byte	108
 584 021c 04       		.byte	4
 585 021d 01       		.byte	1
 586 021e 01       		.byte	1
 587 021f 12       		.byte	18
 588 0220 24       		.byte	36
 589 0221 02       		.byte	2
 590 0222 01       		.byte	1
 591 0223 01       		.byte	1
 592 0224 02       		.byte	2
 593 0225 00       		.byte	0
 594 0226 00       		.byte	0
 595 0227 00       		.byte	0
 596 0228 00       		.byte	0
 597 0229 00       		.byte	0
 598 022a 00       		.byte	0
 599 022b 00       		.byte	0
 600 022c 00       		.byte	0
 601 022d 03       		.byte	3
 602 022e 9E       		.byte	-98
 603 022f 05       		.byte	5
 604 0230 00       		.byte	0
 605 0231 0C       		.byte	12
 606 0232 24       		.byte	36
 607 0233 05       		.byte	5
 608 0234 02       		.byte	2
 609 0235 01       		.byte	1
 610 0236 58       		.byte	88
 611 0237 02       		.byte	2
 612 0238 03       		.byte	3
 613 0239 DF       		.byte	-33
 614 023a 45       		.byte	69
 615 023b 00       		.byte	0
 616 023c 00       		.byte	0
 617 023d 1C       		.byte	28
 618 023e 24       		.byte	36
 619 023f 06       		.byte	6
 620 0240 03       		.byte	3
 621 0241 7A       		.byte	122
 622 0242 CA       		.byte	-54
 623 0243 57       		.byte	87
 624 0244 37       		.byte	55
 625 0245 A3       		.byte	-93
 626 0246 1A       		.byte	26
 627 0247 5B       		.byte	91
 628 0248 49       		.byte	73
 629 0249 96       		.byte	-106
 630 024a 8D       		.byte	-115
 631 024b 8E       		.byte	-114
 632 024c 36       		.byte	54
 633 024d 1F       		.byte	31
 634 024e 96       		.byte	-106
 635 024f 76       		.byte	118
 636 0250 50       		.byte	80
 637 0251 0F       		.byte	15
 638 0252 01       		.byte	1
 639 0253 02       		.byte	2
 640 0254 03       		.byte	3
 641 0255 FF       		.byte	-1
 642 0256 D7       		.byte	-41
 643 0257 07       		.byte	7
 644 0258 00       		.byte	0
 645 0259 09       		.byte	9
 646 025a 24       		.byte	36
 647 025b 03       		.byte	3
 648 025c 04       		.byte	4
 649 025d 01       		.byte	1
 650 025e 01       		.byte	1
 651 025f 00       		.byte	0
 652 0260 03       		.byte	3
 653 0261 00       		.byte	0
 654 0262 07       		.byte	7
 655 0263 05       		.byte	5
 656 0264 82       		.byte	-126
 657 0265 03       		.byte	3
 658 0266 00       		.byte	0
 659 0267 04       		.byte	4
 660 0268 01       		.byte	1
 661 0269 05       		.byte	5
 662 026a 25       		.byte	37
 663 026b 03       		.byte	3
 664 026c 40       		.byte	64
 665 026d 00       		.byte	0
 666 026e 09       		.byte	9
 667 026f 04       		.byte	4
 668 0270 01       		.byte	1
 669 0271 00       		.byte	0
 670 0272 01       		.byte	1
 671 0273 0E       		.byte	14
 672 0274 02       		.byte	2
 673 0275 00       		.byte	0
 674 0276 00       		.byte	0
 675 0277 0E       		.byte	14
 676 0278 24       		.byte	36
 677 0279 01       		.byte	1
 678 027a 01       		.byte	1
 679 027b 57       		.byte	87
 680 027c 00       		.byte	0
 681 027d 83       		.byte	-125
 682 027e 00       		.byte	0
 683 027f 04       		.byte	4
 684 0280 02       		.byte	2
 685 0281 01       		.byte	1
 686 0282 01       		.byte	1
 687 0283 01       		.byte	1
 688 0284 00       		.byte	0
 689 0285 1B       		.byte	27
 690 0286 24       		.byte	36
 691 0287 04       		.byte	4
 692 0288 01       		.byte	1
 693 0289 01       		.byte	1
 694 028a 59       		.byte	89
 695 028b 55       		.byte	85
 696 028c 59       		.byte	89
 697 028d 32       		.byte	50
 698 028e 00       		.byte	0
 699 028f 00       		.byte	0
 700 0290 10       		.byte	16
 701 0291 00       		.byte	0
 702 0292 80       		.byte	-128
 703 0293 00       		.byte	0
 704 0294 00       		.byte	0
 705 0295 AA       		.byte	-86
 706 0296 00       		.byte	0
 707 0297 38       		.byte	56
 708 0298 9B       		.byte	-101
 709 0299 71       		.byte	113
 710 029a 10       		.byte	16
 711 029b 01       		.byte	1
 712 029c 08       		.byte	8
 713 029d 06       		.byte	6
 714 029e 00       		.byte	0
 715 029f 00       		.byte	0
 716 02a0 1E       		.byte	30
 717 02a1 24       		.byte	36
 718 02a2 05       		.byte	5
 719 02a3 01       		.byte	1
 720 02a4 02       		.byte	2
 721 02a5 C0       		.byte	-64
 722 02a6 03       		.byte	3
 723 02a7 1C       		.byte	28
 724 02a8 02       		.byte	2
 725 02a9 00       		.byte	0
 726 02aa E0       		.byte	-32
 727 02ab D4       		.byte	-44
 728 02ac 0E       		.byte	14
 729 02ad 00       		.byte	0
 730 02ae E0       		.byte	-32
 731 02af D4       		.byte	-44
 732 02b0 0E       		.byte	14
 733 02b1 00       		.byte	0
 734 02b2 D2       		.byte	-46
 735 02b3 0F       		.byte	15
 736 02b4 00       		.byte	0
 737 02b5 15       		.byte	21
 738 02b6 16       		.byte	22
 739 02b7 05       		.byte	5
 740 02b8 00       		.byte	0
 741 02b9 01       		.byte	1
 742 02ba 15       		.byte	21
 743 02bb 16       		.byte	22
 744 02bc 05       		.byte	5
 745 02bd 00       		.byte	0
 746 02be 0A       		.byte	10
 747 02bf 24       		.byte	36
 748 02c0 03       		.byte	3
 749 02c1 00       		.byte	0
 750 02c2 01       		.byte	1
 751 02c3 C0       		.byte	-64
 752 02c4 03       		.byte	3
 753 02c5 1C       		.byte	28
 754 02c6 02       		.byte	2
 755 02c7 00       		.byte	0
 756 02c8 06       		.byte	6
 757 02c9 24       		.byte	36
 758 02ca 0D       		.byte	13
 759 02cb 00       		.byte	0
 760 02cc 00       		.byte	0
 761 02cd 00       		.byte	0
 762 02ce 07       		.byte	7
 763 02cf 05       		.byte	5
 764 02d0 83       		.byte	-125
 765 02d1 02       		.byte	2
 766 02d2 00       		.byte	0
 767 02d3 02       		.byte	2
 768 02d4 01       		.byte	1
 769 02d5 09       		.byte	9
 770 02d6 04       		.byte	4
 771 02d7 02       		.byte	2
 772 02d8 00       		.byte	0
 773 02d9 02       		.byte	2
 774 02da FF       		.byte	-1
 775 02db 00       		.byte	0
 776 02dc 00       		.byte	0
 777 02dd 00       		.byte	0
 778 02de 07       		.byte	7
 779 02df 05       		.byte	5
 780 02e0 04       		.byte	4
 781 02e1 02       		.byte	2
 782 02e2 00       		.byte	0
 783 02e3 02       		.byte	2
 784 02e4 00       		.byte	0
 785 02e5 07       		.byte	7
 786 02e6 05       		.byte	5
 787 02e7 84       		.byte	-124
 788 02e8 02       		.byte	2
 789 02e9 00       		.byte	0
 790 02ea 02       		.byte	2
 791 02eb 00       		.byte	0
 794              	CyFxUSBFSConfigDscr:
 795 02ec 09       		.byte	9
 796 02ed 02       		.byte	2
 797 02ee 09       		.byte	9
 798 02ef 00       		.byte	0
 799 02f0 00       		.byte	0
 800 02f1 01       		.byte	1
 801 02f2 00       		.byte	0
 802 02f3 80       		.byte	-128
 803 02f4 32       		.byte	50
 804 02f5 000000   		.space	3
 807              	CyFxUSBDeviceQualDscr:
 808 02f8 0A       		.byte	10
 809 02f9 06       		.byte	6
 810 02fa 00       		.byte	0
 811 02fb 02       		.byte	2
 812 02fc EF       		.byte	-17
 813 02fd 02       		.byte	2
 814 02fe 01       		.byte	1
 815 02ff 40       		.byte	64
 816 0300 01       		.byte	1
 817 0301 00       		.byte	0
 818 0302 0000     		.space	2
 821              	CyFxUSBDeviceDscrSS:
 822 0304 12       		.byte	18
 823 0305 01       		.byte	1
 824 0306 00       		.byte	0
 825 0307 03       		.byte	3
 826 0308 EF       		.byte	-17
 827 0309 02       		.byte	2
 828 030a 01       		.byte	1
 829 030b 09       		.byte	9
 830 030c BD       		.byte	-67
 831 030d 1B       		.byte	27
 832 030e 61       		.byte	97
 833 030f 30       		.byte	48
 834 0310 00       		.byte	0
 835 0311 00       		.byte	0
 836 0312 01       		.byte	1
 837 0313 02       		.byte	2
 838 0314 00       		.byte	0
 839 0315 01       		.byte	1
 840 0316 0000     		.space	2
 843              	CyFxUSBDeviceDscr:
 844 0318 12       		.byte	18
 845 0319 01       		.byte	1
 846 031a 00       		.byte	0
 847 031b 02       		.byte	2
 848 031c EF       		.byte	-17
 849 031d 02       		.byte	2
 850 031e 01       		.byte	1
 851 031f 40       		.byte	64
 852 0320 BD       		.byte	-67
 853 0321 1B       		.byte	27
 854 0322 61       		.byte	97
 855 0323 30       		.byte	48
 856 0324 00       		.byte	0
 857 0325 00       		.byte	0
 858 0326 01       		.byte	1
 859 0327 02       		.byte	2
 860 0328 00       		.byte	0
 861 0329 01       		.byte	1
 862 032a 0000     		.text
 863              	.Letext0:
 864              		.file 1 "C:\\Program Files\\Cypress\\EZ-USB FX3 SDK\\1.3\\\\firmware\\u3p_firmware\\inc/cyu3usbcon
 865              		.file 2 "../cyfxuvcdscr.c"
 866              		.file 3 "c:\\program files\\cypress\\ez-usb fx3 sdk\\1.3\\arm gcc\\arm-none-eabi\\include\\stdint.
DEFINED SYMBOLS
                            *ABS*:00000000 cyfxuvcdscr.c
C:\Users\wcheng\AppData\Local\Temp\ccTw0rwf.s:30     .rodata:00000000 CyFxUSBProductDscr
C:\Users\wcheng\AppData\Local\Temp\ccTw0rwf.s:81     .rodata:00000030 CyFxUSBManufactureDscr
C:\Users\wcheng\AppData\Local\Temp\ccTw0rwf.s:140    .rodata:00000068 CyFxUSBStringLangIDDscr
C:\Users\wcheng\AppData\Local\Temp\ccTw0rwf.s:147    .rodata:0000006c CyFxUSBSSConfigDscr
C:\Users\wcheng\AppData\Local\Temp\ccTw0rwf.s:521    .rodata:000001e0 CyFxUSBBOSDscr
C:\Users\wcheng\AppData\Local\Temp\ccTw0rwf.s:547    .rodata:000001f8 CyFxUSBHSConfigDscr
C:\Users\wcheng\AppData\Local\Temp\ccTw0rwf.s:794    .rodata:000002ec CyFxUSBFSConfigDscr
C:\Users\wcheng\AppData\Local\Temp\ccTw0rwf.s:807    .rodata:000002f8 CyFxUSBDeviceQualDscr
C:\Users\wcheng\AppData\Local\Temp\ccTw0rwf.s:821    .rodata:00000304 CyFxUSBDeviceDscrSS
C:\Users\wcheng\AppData\Local\Temp\ccTw0rwf.s:843    .rodata:00000318 CyFxUSBDeviceDscr
C:\Users\wcheng\AppData\Local\Temp\ccTw0rwf.s:27     .rodata:00000000 $d

NO UNDEFINED SYMBOLS
